{"level":"\u001b[32minfo\u001b[39m","message":"\u001b[32m🚀 Social Media Automation API server running on port 3000\u001b[39m","timestamp":"2025-08-26 10:13:39:1339"}
{"level":"\u001b[32minfo\u001b[39m","message":"\u001b[32m📊 Environment: development\u001b[39m","timestamp":"2025-08-26 10:13:39:1339"}
{"level":"\u001b[32minfo\u001b[39m","message":"\u001b[32m🔗 Health check: http://localhost:3000/health\u001b[39m","timestamp":"2025-08-26 10:13:39:1339"}
{"level":"\u001b[32minfo\u001b[39m","message":"\u001b[32m📚 API docs: http://localhost:3000/api/docs\u001b[39m","timestamp":"2025-08-26 10:13:39:1339"}
{"level":"\u001b[35mhttp\u001b[39m","message":"\u001b[35m::1 - - [26/Aug/2025:07:14:26 +0000] \"GET /health HTTP/1.1\" 200 104 \"-\" \"Mozilla/5.0 (X11; Linux x86_64) AppleWebKit/537.36 (KHTML, like Gecko) Chrome/138.0.0.0 Safari/537.36\"\u001b[39m","timestamp":"2025-08-26 10:14:26:1426"}
{"level":"\u001b[35mhttp\u001b[39m","message":"\u001b[35m::1 - - [26/Aug/2025:07:14:26 +0000] \"GET /favicon.ico HTTP/1.1\" 404 126 \"-\" \"Mozilla/5.0 (X11; Linux x86_64) AppleWebKit/537.36 (KHTML, like Gecko) Chrome/138.0.0.0 Safari/537.36\"\u001b[39m","timestamp":"2025-08-26 10:14:26:1426"}
{"level":"\u001b[35mhttp\u001b[39m","message":"\u001b[35m::1 - - [26/Aug/2025:07:14:54 +0000] \"GET /api/docs HTTP/1.1\" 200 366 \"-\" \"Mozilla/5.0 (X11; Linux x86_64) AppleWebKit/537.36 (KHTML, like Gecko) Chrome/138.0.0.0 Safari/537.36\"\u001b[39m","timestamp":"2025-08-26 10:14:54:1454"}
{"level":"\u001b[32minfo\u001b[39m","message":"\u001b[32mWhatsApp webhook verification request received\u001b[39m","timestamp":"2025-08-26 12:53:04:534"}
{"level":"\u001b[33mwarn\u001b[39m","message":"\u001b[33mWhatsApp webhook verification failed\u001b[39m","timestamp":"2025-08-26 12:53:04:534"}
{"level":"\u001b[35mhttp\u001b[39m","message":"\u001b[35m::1 - - [26/Aug/2025:09:53:04 +0000] \"GET /api/webhooks/whatsapp?hub.mode=subscribe&hub.verify_token=12345&hub.challenge=67890 HTTP/1.1\" 403 9 \"-\" \"PostmanRuntime/7.39.1\"\u001b[39m","timestamp":"2025-08-26 12:53:04:534"}
{"level":"\u001b[32minfo\u001b[39m","message":"\u001b[32mWhatsApp webhook verification request received\u001b[39m","timestamp":"2025-08-26 12:54:55:5455"}
{"level":"\u001b[33mwarn\u001b[39m","message":"\u001b[33mWhatsApp webhook verification failed\u001b[39m","timestamp":"2025-08-26 12:54:55:5455"}
{"level":"\u001b[35mhttp\u001b[39m","message":"\u001b[35m::1 - - [26/Aug/2025:09:54:55 +0000] \"GET /api/webhooks/whatsapp?hub.mode=subscribe&hub.verify_token=your-webhook-verify-token&hub.challenge=67890 HTTP/1.1\" 403 9 \"-\" \"PostmanRuntime/7.39.1\"\u001b[39m","timestamp":"2025-08-26 12:54:55:5455"}
{"level":"\u001b[32minfo\u001b[39m","message":"\u001b[32mWhatsApp webhook verification request received\u001b[39m","timestamp":"2025-08-26 12:56:18:5618"}
{"level":"\u001b[33mwarn\u001b[39m","message":"\u001b[33mWhatsApp webhook verification failed\u001b[39m","timestamp":"2025-08-26 12:56:18:5618"}
{"level":"\u001b[35mhttp\u001b[39m","message":"\u001b[35m::1 - - [26/Aug/2025:09:56:18 +0000] \"GET /api/webhooks/whatsapp?hub.mode=subscribe&hub.verify_token=your-webhook-verify-token&hub.challenge=67890 HTTP/1.1\" 403 9 \"-\" \"PostmanRuntime/7.39.1\"\u001b[39m","timestamp":"2025-08-26 12:56:18:5618"}
{"level":"\u001b[32minfo\u001b[39m","message":"\u001b[32mWhatsApp webhook verification request received\u001b[39m","timestamp":"2025-08-26 12:57:17:5717"}
{"level":"\u001b[33mwarn\u001b[39m","message":"\u001b[33mWhatsApp webhook verification failed\u001b[39m","timestamp":"2025-08-26 12:57:17:5717"}
{"level":"\u001b[35mhttp\u001b[39m","message":"\u001b[35m::1 - - [26/Aug/2025:09:57:17 +0000] \"GET /api/webhooks/whatsapp?hub.mode=subscribe&hub.verify_token=12345&hub.challenge=67890 HTTP/1.1\" 403 9 \"-\" \"PostmanRuntime/7.39.1\"\u001b[39m","timestamp":"2025-08-26 12:57:17:5717"}
{"level":"\u001b[32minfo\u001b[39m","message":"\u001b[32mSIGINT received, shutting down gracefully\u001b[39m","timestamp":"2025-08-26 12:57:29:5729"}
{"level":"\u001b[32minfo\u001b[39m","message":"\u001b[32m🚀 Social Media Automation API server running on port 3000\u001b[39m","timestamp":"2025-08-26 12:57:31:5731"}
{"level":"\u001b[32minfo\u001b[39m","message":"\u001b[32m📊 Environment: development\u001b[39m","timestamp":"2025-08-26 12:57:31:5731"}
{"level":"\u001b[32minfo\u001b[39m","message":"\u001b[32m🔗 Health check: http://localhost:3000/health\u001b[39m","timestamp":"2025-08-26 12:57:31:5731"}
{"level":"\u001b[32minfo\u001b[39m","message":"\u001b[32m📚 API docs: http://localhost:3000/api/docs\u001b[39m","timestamp":"2025-08-26 12:57:31:5731"}
{"level":"\u001b[32minfo\u001b[39m","message":"\u001b[32mWhatsApp webhook verification request received\u001b[39m","timestamp":"2025-08-26 12:58:31:5831"}
{"level":"\u001b[33mwarn\u001b[39m","message":"\u001b[33mWhatsApp webhook verification failed\u001b[39m","timestamp":"2025-08-26 12:58:31:5831"}
{"level":"\u001b[35mhttp\u001b[39m","message":"\u001b[35m::1 - - [26/Aug/2025:09:58:31 +0000] \"GET /api/webhooks/whatsapp?hub.mode=subscribe&hub.verify_token=12345&hub.challenge=67890 HTTP/1.1\" 403 9 \"-\" \"PostmanRuntime/7.39.1\"\u001b[39m","timestamp":"2025-08-26 12:58:31:5831"}
{"level":"\u001b[32minfo\u001b[39m","message":"\u001b[32mWhatsApp webhook verification request received\u001b[39m","timestamp":"2025-08-26 12:59:17:5917"}
{"level":"\u001b[33mwarn\u001b[39m","message":"\u001b[33mWhatsApp webhook verification failed\u001b[39m","timestamp":"2025-08-26 12:59:17:5917"}
{"level":"\u001b[35mhttp\u001b[39m","message":"\u001b[35m::1 - - [26/Aug/2025:09:59:17 +0000] \"GET /api/webhooks/whatsapp?hub.mode=subscribe&hub.verify_token=your-webhook-verify-token&hub.challenge=67890 HTTP/1.1\" 403 9 \"-\" \"PostmanRuntime/7.39.1\"\u001b[39m","timestamp":"2025-08-26 12:59:17:5917"}
{"level":"\u001b[32minfo\u001b[39m","message":"\u001b[32mSIGINT received, shutting down gracefully\u001b[39m","timestamp":"2025-08-26 13:01:05:15"}
{"level":"\u001b[32minfo\u001b[39m","message":"\u001b[32m🚀 Social Media Automation API server running on port 3000\u001b[39m","timestamp":"2025-08-26 13:01:10:110"}
{"level":"\u001b[32minfo\u001b[39m","message":"\u001b[32m📊 Environment: development\u001b[39m","timestamp":"2025-08-26 13:01:10:110"}
{"level":"\u001b[32minfo\u001b[39m","message":"\u001b[32m🔗 Health check: http://localhost:3000/health\u001b[39m","timestamp":"2025-08-26 13:01:10:110"}
{"level":"\u001b[32minfo\u001b[39m","message":"\u001b[32m📚 API docs: http://localhost:3000/api/docs\u001b[39m","timestamp":"2025-08-26 13:01:10:110"}
{"level":"\u001b[32minfo\u001b[39m","message":"\u001b[32mWhatsApp webhook verification request received\u001b[39m","timestamp":"2025-08-26 13:01:31:131"}
{"level":"\u001b[33mwarn\u001b[39m","message":"\u001b[33mWhatsApp webhook verification failed\u001b[39m","timestamp":"2025-08-26 13:01:31:131"}
{"level":"\u001b[35mhttp\u001b[39m","message":"\u001b[35m::1 - - [26/Aug/2025:10:01:31 +0000] \"GET /api/webhooks/whatsapp?hub.mode=subscribe&hub.verify_token=12345&hub.challenge=67890 HTTP/1.1\" 403 9 \"-\" \"PostmanRuntime/7.39.1\"\u001b[39m","timestamp":"2025-08-26 13:01:31:131"}
{"level":"\u001b[32minfo\u001b[39m","message":"\u001b[32mWhatsApp webhook verification request received\u001b[39m","timestamp":"2025-08-26 13:12:36:1236"}
{"level":"\u001b[33mwarn\u001b[39m","message":"\u001b[33mWhatsApp webhook verification failed\u001b[39m","timestamp":"2025-08-26 13:12:36:1236"}
{"level":"\u001b[35mhttp\u001b[39m","message":"\u001b[35m::1 - - [26/Aug/2025:10:12:36 +0000] \"GET /api/webhooks/whatsapp HTTP/1.1\" 403 9 \"-\" \"PostmanRuntime/7.39.1\"\u001b[39m","timestamp":"2025-08-26 13:12:36:1236"}
{"level":"\u001b[32minfo\u001b[39m","message":"\u001b[32mWhatsApp webhook verification request received\u001b[39m","timestamp":"2025-08-26 13:16:12:1612"}
{"level":"\u001b[33mwarn\u001b[39m","message":"\u001b[33mWhatsApp webhook verification failed\u001b[39m","timestamp":"2025-08-26 13:16:12:1612"}
{"level":"\u001b[35mhttp\u001b[39m","message":"\u001b[35m::1 - - [26/Aug/2025:10:16:12 +0000] \"GET /api/webhooks/whatsapp?hub.mode=subscribe&hub.verify_token=test_token&hub.challenge=123 HTTP/1.1\" 403 9 \"-\" \"PostmanRuntime/7.39.1\"\u001b[39m","timestamp":"2025-08-26 13:16:12:1612"}
{"body":{},"level":"\u001b[32minfo\u001b[39m","message":"\u001b[32mWhatsApp webhook received\u001b[39m","timestamp":"2025-08-26 13:16:16:1616"}
{"level":"\u001b[35mhttp\u001b[39m","message":"\u001b[35m::1 - - [26/Aug/2025:10:16:16 +0000] \"POST /api/webhooks/whatsapp?hub.mode=subscribe&hub.verify_token=test_token&hub.challenge=123 HTTP/1.1\" 404 9 \"-\" \"PostmanRuntime/7.39.1\"\u001b[39m","timestamp":"2025-08-26 13:16:16:1616"}
{"level":"\u001b[32minfo\u001b[39m","message":"\u001b[32mSIGTERM received, shutting down gracefully\u001b[39m","timestamp":"2025-08-26 13:17:26:1726"}
{"level":"\u001b[32minfo\u001b[39m","message":"\u001b[32m🚀 Social Media Automation API server running on port 3000\u001b[39m","timestamp":"2025-08-26 13:17:34:1734"}
{"level":"\u001b[32minfo\u001b[39m","message":"\u001b[32m📊 Environment: development\u001b[39m","timestamp":"2025-08-26 13:17:34:1734"}
{"level":"\u001b[32minfo\u001b[39m","message":"\u001b[32m🔗 Health check: http://localhost:3000/health\u001b[39m","timestamp":"2025-08-26 13:17:34:1734"}
{"level":"\u001b[32minfo\u001b[39m","message":"\u001b[32m📚 API docs: http://localhost:3000/api/docs\u001b[39m","timestamp":"2025-08-26 13:17:34:1734"}
{"level":"\u001b[32minfo\u001b[39m","message":"\u001b[32mWhatsApp webhook verification request received\u001b[39m","timestamp":"2025-08-26 13:17:38:1738"}
{"level":"\u001b[32minfo\u001b[39m","message":"\u001b[32mWhatsApp webhook verified successfully\u001b[39m","timestamp":"2025-08-26 13:17:38:1738"}
{"level":"\u001b[35mhttp\u001b[39m","message":"\u001b[35m::1 - - [26/Aug/2025:10:17:38 +0000] \"GET /api/webhooks/whatsapp?hub.mode=subscribe&hub.verify_token=test_token&hub.challenge=123 HTTP/1.1\" 200 3 \"-\" \"curl/8.5.0\"\u001b[39m","timestamp":"2025-08-26 13:17:38:1738"}
{"level":"\u001b[32minfo\u001b[39m","message":"\u001b[32m🚀 Social Media Automation API server running on port 3000\u001b[39m","timestamp":"2025-08-26 13:19:31:1931"}
{"level":"\u001b[32minfo\u001b[39m","message":"\u001b[32m📊 Environment: development\u001b[39m","timestamp":"2025-08-26 13:19:31:1931"}
{"level":"\u001b[32minfo\u001b[39m","message":"\u001b[32m🔗 Health check: http://localhost:3000/health\u001b[39m","timestamp":"2025-08-26 13:19:31:1931"}
{"level":"\u001b[32minfo\u001b[39m","message":"\u001b[32m📚 API docs: http://localhost:3000/api/docs\u001b[39m","timestamp":"2025-08-26 13:19:31:1931"}
{"level":"\u001b[32minfo\u001b[39m","message":"\u001b[32m🚀 Social Media Automation API server running on port 3000\u001b[39m","timestamp":"2025-08-26 13:19:54:1954"}
{"level":"\u001b[32minfo\u001b[39m","message":"\u001b[32m📊 Environment: development\u001b[39m","timestamp":"2025-08-26 13:19:54:1954"}
{"level":"\u001b[32minfo\u001b[39m","message":"\u001b[32m🔗 Health check: http://localhost:3000/health\u001b[39m","timestamp":"2025-08-26 13:19:54:1954"}
{"level":"\u001b[32minfo\u001b[39m","message":"\u001b[32m📚 API docs: http://localhost:3000/api/docs\u001b[39m","timestamp":"2025-08-26 13:19:54:1954"}
{"level":"\u001b[32minfo\u001b[39m","message":"\u001b[32mWhatsApp webhook verification request received\u001b[39m","timestamp":"2025-08-26 13:20:18:2018"}
{"level":"\u001b[33mwarn\u001b[39m","message":"\u001b[33mWhatsApp webhook verification failed\u001b[39m","timestamp":"2025-08-26 13:20:18:2018"}
{"level":"\u001b[35mhttp\u001b[39m","message":"\u001b[35m::1 - - [26/Aug/2025:10:20:18 +0000] \"GET /api/webhooks/whatsapp?hub.mode=subscribe&hub.verify_token=test_token&hub.challenge=123 HTTP/1.1\" 403 9 \"-\" \"PostmanRuntime/7.39.1\"\u001b[39m","timestamp":"2025-08-26 13:20:18:2018"}
{"level":"\u001b[32minfo\u001b[39m","message":"\u001b[32mWhatsApp webhook verification request received\u001b[39m","timestamp":"2025-08-26 13:21:19:2119"}
{"level":"\u001b[33mwarn\u001b[39m","message":"\u001b[33mWhatsApp webhook verification failed\u001b[39m","timestamp":"2025-08-26 13:21:19:2119"}
{"level":"\u001b[35mhttp\u001b[39m","message":"\u001b[35m::1 - - [26/Aug/2025:10:21:19 +0000] \"GET /api/webhooks/whatsapp?hub.mode=subscribe&hub.verify_token=test_token&hub.challenge=123 HTTP/1.1\" 403 9 \"-\" \"PostmanRuntime/7.39.1\"\u001b[39m","timestamp":"2025-08-26 13:21:19:2119"}
{"level":"\u001b[32minfo\u001b[39m","message":"\u001b[32mWhatsApp webhook verification request received\u001b[39m","timestamp":"2025-08-26 13:21:21:2121"}
{"level":"\u001b[33mwarn\u001b[39m","message":"\u001b[33mWhatsApp webhook verification failed\u001b[39m","timestamp":"2025-08-26 13:21:21:2121"}
{"level":"\u001b[35mhttp\u001b[39m","message":"\u001b[35m::1 - - [26/Aug/2025:10:21:21 +0000] \"GET /api/webhooks/whatsapp?hub.mode=subscribe&hub.verify_token=test_token&hub.challenge=123 HTTP/1.1\" 403 9 \"-\" \"PostmanRuntime/7.39.1\"\u001b[39m","timestamp":"2025-08-26 13:21:21:2121"}
{"level":"\u001b[32minfo\u001b[39m","message":"\u001b[32mWhatsApp webhook verification request received\u001b[39m","timestamp":"2025-08-26 13:21:40:2140"}
{"level":"\u001b[33mwarn\u001b[39m","message":"\u001b[33mWhatsApp webhook verification failed\u001b[39m","timestamp":"2025-08-26 13:21:40:2140"}
{"level":"\u001b[35mhttp\u001b[39m","message":"\u001b[35m::1 - - [26/Aug/2025:10:21:40 +0000] \"GET /api/webhooks/whatsapp?hub.mode=subscribe&hub.verify_token=test_token&hub.challenge=123 HTTP/1.1\" 403 9 \"-\" \"PostmanRuntime/7.39.1\"\u001b[39m","timestamp":"2025-08-26 13:21:40:2140"}
{"level":"\u001b[32minfo\u001b[39m","message":"\u001b[32mSIGINT received, shutting down gracefully\u001b[39m","timestamp":"2025-08-26 13:22:10:2210"}
{"level":"\u001b[32minfo\u001b[39m","message":"\u001b[32m🚀 Social Media Automation API server running on port 3000\u001b[39m","timestamp":"2025-08-26 13:22:18:2218"}
{"level":"\u001b[32minfo\u001b[39m","message":"\u001b[32m📊 Environment: development\u001b[39m","timestamp":"2025-08-26 13:22:18:2218"}
{"level":"\u001b[32minfo\u001b[39m","message":"\u001b[32m🔗 Health check: http://localhost:3000/health\u001b[39m","timestamp":"2025-08-26 13:22:18:2218"}
{"level":"\u001b[32minfo\u001b[39m","message":"\u001b[32m📚 API docs: http://localhost:3000/api/docs\u001b[39m","timestamp":"2025-08-26 13:22:18:2218"}
{"level":"\u001b[32minfo\u001b[39m","message":"\u001b[32mWhatsApp webhook verification request received\u001b[39m","timestamp":"2025-08-26 13:23:01:231"}
{"level":"\u001b[32minfo\u001b[39m","message":"\u001b[32mWhatsApp webhook verified successfully\u001b[39m","timestamp":"2025-08-26 13:23:01:231"}
{"level":"\u001b[35mhttp\u001b[39m","message":"\u001b[35m::1 - - [26/Aug/2025:10:23:01 +0000] \"GET /api/webhooks/whatsapp?hub.mode=subscribe&hub.verify_token=test_token&hub.challenge=123 HTTP/1.1\" 200 3 \"-\" \"PostmanRuntime/7.39.1\"\u001b[39m","timestamp":"2025-08-26 13:23:01:231"}
{"body":{"entry":[{"changes":[{"field":"messages","value":{"contacts":[{"profile":{"name":"John Doe"},"wa_id":"201234567890"}],"messages":[{"from":"201234567890","id":"wamid.ID","text":{"body":"Hello from WhatsApp!"},"timestamp":"1692469537","type":"text"}],"messaging_product":"whatsapp","metadata":{"display_phone_number":"123456789","phone_number_id":"987654321"}}}],"id":"WHATSAPP_BUSINESS_ACCOUNT_ID"}],"object":"whatsapp_business_account"},"level":"\u001b[32minfo\u001b[39m","message":"\u001b[32mWhatsApp webhook received\u001b[39m","timestamp":"2025-08-26 13:25:02:252"}
{"level":"\u001b[31merror\u001b[39m","message":"\u001b[31mError processing WhatsApp webhook: Cannot read properties of undefined (reading 'processWhatsAppMessage')\u001b[39m","stack":"TypeError: Cannot read properties of undefined (reading 'processWhatsAppMessage')\n    at handleWhatsAppWebhook (/home/iti/Crystal-Task/src/controllers/webhookController.js:54:24)\n    at Layer.handle [as handle_request] (/home/iti/Crystal-Task/node_modules/express/lib/router/layer.js:95:5)\n    at next (/home/iti/Crystal-Task/node_modules/express/lib/router/route.js:149:13)\n    at Route.dispatch (/home/iti/Crystal-Task/node_modules/express/lib/router/route.js:119:3)\n    at Layer.handle [as handle_request] (/home/iti/Crystal-Task/node_modules/express/lib/router/layer.js:95:5)\n    at /home/iti/Crystal-Task/node_modules/express/lib/router/index.js:284:15\n    at Function.process_params (/home/iti/Crystal-Task/node_modules/express/lib/router/index.js:346:12)\n    at next (/home/iti/Crystal-Task/node_modules/express/lib/router/index.js:280:10)\n    at Function.handle (/home/iti/Crystal-Task/node_modules/express/lib/router/index.js:175:3)\n    at router (/home/iti/Crystal-Task/node_modules/express/lib/router/index.js:47:12)","timestamp":"2025-08-26 13:25:02:252"}
{"level":"\u001b[35mhttp\u001b[39m","message":"\u001b[35m::1 - - [26/Aug/2025:10:25:02 +0000] \"POST /api/webhooks/whatsapp HTTP/1.1\" 500 21 \"-\" \"PostmanRuntime/7.39.1\"\u001b[39m","timestamp":"2025-08-26 13:25:02:252"}
{"level":"\u001b[32minfo\u001b[39m","message":"\u001b[32mSIGINT received, shutting down gracefully\u001b[39m","timestamp":"2025-08-26 13:33:57:3357"}
{"level":"\u001b[32minfo\u001b[39m","message":"\u001b[32m🚀 Social Media Automation API server running on port 3000\u001b[39m","timestamp":"2025-08-26 13:47:41:4741"}
{"level":"\u001b[32minfo\u001b[39m","message":"\u001b[32m📊 Environment: development\u001b[39m","timestamp":"2025-08-26 13:47:41:4741"}
{"level":"\u001b[32minfo\u001b[39m","message":"\u001b[32m🔗 Health check: http://localhost:3000/health\u001b[39m","timestamp":"2025-08-26 13:47:41:4741"}
{"level":"\u001b[32minfo\u001b[39m","message":"\u001b[32m📚 API docs: http://localhost:3000/api/docs\u001b[39m","timestamp":"2025-08-26 13:47:41:4741"}
{"body":{"entry":[{"changes":[{"field":"messages","value":{"contacts":[{"profile":{"name":"John Doe"},"wa_id":"201234567890"}],"messages":[{"from":"201234567890","id":"wamid.ID","text":{"body":"Hello from WhatsApp!"},"timestamp":"1692469537","type":"text"}],"messaging_product":"whatsapp","metadata":{"display_phone_number":"123456789","phone_number_id":"987654321"}}}],"id":"WHATSAPP_BUSINESS_ACCOUNT_ID"}],"object":"whatsapp_business_account"},"level":"\u001b[32minfo\u001b[39m","message":"\u001b[32mWhatsApp webhook received\u001b[39m","timestamp":"2025-08-26 13:47:46:4746"}
{"level":"\u001b[32minfo\u001b[39m","message":"\u001b[32mProcessing WhatsApp message from 201234567890: Hello from WhatsApp!\u001b[39m","timestamp":"2025-08-26 13:47:46:4746"}
{"level":"\u001b[32minfo\u001b[39m","message":"\u001b[32mAutomated response sent to 201234567890 for sector: hospitality\u001b[39m","timestamp":"2025-08-26 13:47:46:4746"}
{"direction":"inbound","level":"\u001b[32minfo\u001b[39m","message":"\u001b[32mStoring message for analytics: Hello from WhatsApp!\u001b[39m","phoneNumber":"201234567890","platform":"whatsapp","sector":"hospitality","timestamp":"2025-08-26 13:47:46:4746"}
{"level":"\u001b[35mhttp\u001b[39m","message":"\u001b[35m::1 - - [26/Aug/2025:10:47:46 +0000] \"POST /api/webhooks/whatsapp HTTP/1.1\" 200 2 \"-\" \"PostmanRuntime/7.39.1\"\u001b[39m","timestamp":"2025-08-26 13:47:46:4746"}
{"level":"\u001b[32minfo\u001b[39m","message":"\u001b[32mWhatsApp webhook verification request received\u001b[39m","timestamp":"2025-08-26 13:51:28:5128"}
{"level":"\u001b[33mwarn\u001b[39m","message":"\u001b[33mWhatsApp webhook verification failed\u001b[39m","timestamp":"2025-08-26 13:51:28:5128"}
{"level":"\u001b[35mhttp\u001b[39m","message":"\u001b[35m::1 - - [26/Aug/2025:10:51:28 +0000] \"GET /api/webhooks/whatsapp?hub.mode=subscribe&hub.verify_token=test_token&hub.challenge=abc HTTP/1.1\" 403 9 \"-\" \"curl/8.5.0\"\u001b[39m","timestamp":"2025-08-26 13:51:28:5128"}
{"level":"\u001b[32minfo\u001b[39m","message":"\u001b[32mSIGINT received, shutting down gracefully\u001b[39m","timestamp":"2025-08-26 13:54:31:5431"}
{"level":"\u001b[32minfo\u001b[39m","message":"\u001b[32m🚀 Social Media Automation API server running on port 3000\u001b[39m","timestamp":"2025-08-26 13:54:51:5451"}
{"level":"\u001b[32minfo\u001b[39m","message":"\u001b[32m📊 Environment: development\u001b[39m","timestamp":"2025-08-26 13:54:51:5451"}
{"level":"\u001b[32minfo\u001b[39m","message":"\u001b[32m🔗 Health check: http://localhost:3000/health\u001b[39m","timestamp":"2025-08-26 13:54:51:5451"}
{"level":"\u001b[32minfo\u001b[39m","message":"\u001b[32m📚 API docs: http://localhost:3000/api/docs\u001b[39m","timestamp":"2025-08-26 13:54:51:5451"}
{"level":"\u001b[32minfo\u001b[39m","message":"\u001b[32mLogin attempt for email: undefined\u001b[39m","timestamp":"2025-08-26 13:59:32:5932"}
{"ip":"::1","level":"\u001b[31merror\u001b[39m","message":"\u001b[31mError occurred: Invalid email or password\u001b[39m","method":"POST","stack":"Error: Invalid email or password\n    at createError (/home/iti/Crystal-Task/src/utils/errors.js:21:17)\n    at login (/home/iti/Crystal-Task/src/controllers/authController.js:61:15)\n    at Layer.handle [as handle_request] (/home/iti/Crystal-Task/node_modules/express/lib/router/layer.js:95:5)\n    at next (/home/iti/Crystal-Task/node_modules/express/lib/router/route.js:149:13)\n    at Route.dispatch (/home/iti/Crystal-Task/node_modules/express/lib/router/route.js:119:3)\n    at Layer.handle [as handle_request] (/home/iti/Crystal-Task/node_modules/express/lib/router/layer.js:95:5)\n    at /home/iti/Crystal-Task/node_modules/express/lib/router/index.js:284:15\n    at Function.process_params (/home/iti/Crystal-Task/node_modules/express/lib/router/index.js:346:12)\n    at next (/home/iti/Crystal-Task/node_modules/express/lib/router/index.js:280:10)\n    at Function.handle (/home/iti/Crystal-Task/node_modules/express/lib/router/index.js:175:3)","timestamp":"2025-08-26 13:59:32:5932","url":"/api/auth/login","userAgent":"PostmanRuntime/7.39.1"}
{"level":"\u001b[35mhttp\u001b[39m","message":"\u001b[35m::1 - - [26/Aug/2025:10:59:32 +0000] \"POST /api/auth/login HTTP/1.1\" 401 - \"-\" \"PostmanRuntime/7.39.1\"\u001b[39m","timestamp":"2025-08-26 13:59:32:5932"}
{"level":"\u001b[32minfo\u001b[39m","message":"\u001b[32mLogin attempt for email: admin@example.com\u001b[39m","timestamp":"2025-08-26 13:59:46:5946"}
{"ip":"::1","level":"\u001b[31merror\u001b[39m","message":"\u001b[31mError occurred: Invalid email or password\u001b[39m","method":"POST","stack":"Error: Invalid email or password\n    at createError (/home/iti/Crystal-Task/src/utils/errors.js:21:17)\n    at login (/home/iti/Crystal-Task/src/controllers/authController.js:67:15)","timestamp":"2025-08-26 13:59:46:5946","url":"/api/auth/login","userAgent":"PostmanRuntime/7.39.1"}
{"level":"\u001b[35mhttp\u001b[39m","message":"\u001b[35m::1 - - [26/Aug/2025:10:59:46 +0000] \"POST /api/auth/login HTTP/1.1\" 401 353 \"-\" \"PostmanRuntime/7.39.1\"\u001b[39m","timestamp":"2025-08-26 13:59:46:5946"}
{"level":"\u001b[32minfo\u001b[39m","message":"\u001b[32mLogin attempt for email: admin@example.com\u001b[39m","timestamp":"2025-08-26 14:03:38:338"}
{"ip":"::1","level":"\u001b[31merror\u001b[39m","message":"\u001b[31mError occurred: Invalid email or password\u001b[39m","method":"POST","stack":"Error: Invalid email or password\n    at createError (/home/iti/Crystal-Task/src/utils/errors.js:21:17)\n    at login (/home/iti/Crystal-Task/src/controllers/authController.js:67:15)","timestamp":"2025-08-26 14:03:38:338","url":"/api/auth/login","userAgent":"PostmanRuntime/7.39.1"}
{"level":"\u001b[35mhttp\u001b[39m","message":"\u001b[35m::1 - - [26/Aug/2025:11:03:38 +0000] \"POST /api/auth/login HTTP/1.1\" 401 353 \"-\" \"PostmanRuntime/7.39.1\"\u001b[39m","timestamp":"2025-08-26 14:03:38:338"}
{"level":"\u001b[32minfo\u001b[39m","message":"\u001b[32mSIGINT received, shutting down gracefully\u001b[39m","timestamp":"2025-08-26 14:26:19:2619"}
{"level":"\u001b[32minfo\u001b[39m","message":"\u001b[32m🚀 Social Media Automation API server running on port 3000\u001b[39m","timestamp":"2025-08-26 14:26:30:2630"}
{"level":"\u001b[32minfo\u001b[39m","message":"\u001b[32m📊 Environment: development\u001b[39m","timestamp":"2025-08-26 14:26:30:2630"}
{"level":"\u001b[32minfo\u001b[39m","message":"\u001b[32m🔗 Health check: http://localhost:3000/health\u001b[39m","timestamp":"2025-08-26 14:26:30:2630"}
{"level":"\u001b[32minfo\u001b[39m","message":"\u001b[32m📚 API docs: http://localhost:3000/api/docs\u001b[39m","timestamp":"2025-08-26 14:26:30:2630"}
{"level":"\u001b[32minfo\u001b[39m","message":"\u001b[32mLogin attempt for email: admin@example.com\u001b[39m","timestamp":"2025-08-26 14:26:46:2646"}
{"ip":"::1","level":"\u001b[31merror\u001b[39m","message":"\u001b[31mError occurred: secretOrPrivateKey must have a value\u001b[39m","method":"POST","stack":"Error: secretOrPrivateKey must have a value\n    at module.exports [as sign] (/home/iti/Crystal-Task/node_modules/jsonwebtoken/sign.js:111:20)\n    at login (/home/iti/Crystal-Task/src/controllers/authController.js:86:25)","timestamp":"2025-08-26 14:26:46:2646","url":"/api/auth/login","userAgent":"PostmanRuntime/7.39.1"}
{"level":"\u001b[35mhttp\u001b[39m","message":"\u001b[35m::1 - - [26/Aug/2025:11:26:46 +0000] \"POST /api/auth/login HTTP/1.1\" 500 403 \"-\" \"PostmanRuntime/7.39.1\"\u001b[39m","timestamp":"2025-08-26 14:26:46:2646"}
{"level":"\u001b[32minfo\u001b[39m","message":"\u001b[32mSIGINT received, shutting down gracefully\u001b[39m","timestamp":"2025-08-26 14:28:03:283"}
{"level":"\u001b[32minfo\u001b[39m","message":"\u001b[32m🚀 Social Media Automation API server running on port 3000\u001b[39m","timestamp":"2025-08-26 14:28:05:285"}
{"level":"\u001b[32minfo\u001b[39m","message":"\u001b[32m📊 Environment: development\u001b[39m","timestamp":"2025-08-26 14:28:05:285"}
{"level":"\u001b[32minfo\u001b[39m","message":"\u001b[32m🔗 Health check: http://localhost:3000/health\u001b[39m","timestamp":"2025-08-26 14:28:05:285"}
{"level":"\u001b[32minfo\u001b[39m","message":"\u001b[32m📚 API docs: http://localhost:3000/api/docs\u001b[39m","timestamp":"2025-08-26 14:28:05:285"}
{"level":"\u001b[32minfo\u001b[39m","message":"\u001b[32mLogin attempt for email: admin@example.com\u001b[39m","timestamp":"2025-08-26 14:28:16:2816"}
{"ip":"::1","level":"\u001b[31merror\u001b[39m","message":"\u001b[31mError occurred: secretOrPrivateKey must have a value\u001b[39m","method":"POST","stack":"Error: secretOrPrivateKey must have a value\n    at module.exports [as sign] (/home/iti/Crystal-Task/node_modules/jsonwebtoken/sign.js:111:20)\n    at login (/home/iti/Crystal-Task/src/controllers/authController.js:86:25)","timestamp":"2025-08-26 14:28:16:2816","url":"/api/auth/login","userAgent":"PostmanRuntime/7.39.1"}
{"level":"\u001b[35mhttp\u001b[39m","message":"\u001b[35m::1 - - [26/Aug/2025:11:28:16 +0000] \"POST /api/auth/login HTTP/1.1\" 500 403 \"-\" \"PostmanRuntime/7.39.1\"\u001b[39m","timestamp":"2025-08-26 14:28:16:2816"}
